<?xml version="1.0" encoding="UTF-8"?>
<testsuite name="SiteLayoutTest" skipped="0" failures="0" errors="0" tests="1" assertions="6" time="0.093813">
  <testcase name="test_layout_links" classname="SiteLayoutTest" assertions="6" time="0.093813">
  </testcase>
</testsuite>
