<?xml version="1.0" encoding="UTF-8"?>
<testsuite name="UserTest" skipped="0" failures="0" errors="0" tests="9" assertions="17" time="0.082336">
  <testcase name="test_name_should_be_present" classname="UserTest" assertions="1" time="0.033856">
  </testcase>
  <testcase name="test_email_validation_should_accept_valid_addresses" classname="UserTest" assertions="5" time="0.007997">
  </testcase>
  <testcase name="test_should_be_valid" classname="UserTest" assertions="1" time="0.005098">
  </testcase>
  <testcase name="test_password_should_have_a_minimum_length" classname="UserTest" assertions="1" time="0.005189">
  </testcase>
  <testcase name="test_email_should_be_present" classname="UserTest" assertions="1" time="0.006984">
  </testcase>
  <testcase name="test_email_should_not_be_too_long" classname="UserTest" assertions="1" time="0.003298">
  </testcase>
  <testcase name="test_email_validation_should_reject_invalid_addresses" classname="UserTest" assertions="5" time="0.009014">
  </testcase>
  <testcase name="test_name_should_not_be_too_long" classname="UserTest" assertions="1" time="0.003513">
  </testcase>
  <testcase name="test_email_addresses_should_be_unique" classname="UserTest" assertions="1" time="0.007387">
  </testcase>
</testsuite>
