<?xml version="1.0" encoding="UTF-8"?>
<testsuite name="UserTest" skipped="0" failures="0" errors="0" tests="10" assertions="19" time="0.116454">
  <testcase name="test_email_address_should_be_saved_as_lower-case" classname="UserTest" assertions="1" time="0.035699">
  </testcase>
  <testcase name="test_name_should_be_present" classname="UserTest" assertions="1" time="0.018915">
  </testcase>
  <testcase name="test_email_should_not_be_too_long" classname="UserTest" assertions="1" time="0.007716">
  </testcase>
  <testcase name="test_email_should_be_present" classname="UserTest" assertions="1" time="0.005519">
  </testcase>
  <testcase name="test_password_should_have_a_minimum_length" classname="UserTest" assertions="1" time="0.008329">
  </testcase>
  <testcase name="test_email_validation_should_reject_invalid_addresses" classname="UserTest" assertions="6" time="0.011791">
  </testcase>
  <testcase name="test_should_be_valid" classname="UserTest" assertions="1" time="0.002858">
  </testcase>
  <testcase name="test_email_addresses_should_be_unique" classname="UserTest" assertions="1" time="0.009175">
  </testcase>
  <testcase name="test_name_should_not_be_too_long" classname="UserTest" assertions="1" time="0.003519">
  </testcase>
  <testcase name="test_email_validation_should_accept_valid_addresses" classname="UserTest" assertions="5" time="0.012933">
  </testcase>
</testsuite>
