<?xml version="1.0" encoding="UTF-8"?>
<testsuite name="ApplicationHelperTest" skipped="0" failures="0" errors="0" tests="1" assertions="2" time="0.001218">
  <testcase name="test_full_title_helper" classname="ApplicationHelperTest" assertions="2" time="0.001218">
  </testcase>
</testsuite>
